[     292ms] [INFO] %cDownload the React DevTools for a better development experience: https://react.dev/link/react-devtools font-weight:bold @ http://localhost:3000/_next/static/chunks/0tns_next_dist_0m7rhli._.js:2431
[     370ms] [LOG] [HMR] connected @ http://localhost:3000/_next/static/chunks/0tns_next_dist_0m7rhli._.js:2431
[   83984ms] [LOG] [Fast Refresh] rebuilding @ http://localhost:3000/_next/static/chunks/0tns_next_dist_0m7rhli._.js:2431
[   84015ms] [LOG] [Fast Refresh] done in 54ms @ http://localhost:3000/_next/static/chunks/0tns_next_dist_0m7rhli._.js:2431
[   94032ms] [LOG] [Fast Refresh] rebuilding @ http://localhost:3000/_next/static/chunks/0tns_next_dist_0m7rhli._.js:2431
[   94646ms] [LOG] [Fast Refresh] done in 16ms @ http://localhost:3000/_next/static/chunks/0tns_next_dist_0m7rhli._.js:2431
[   94902ms] [LOG] %c%s%c Generating import map background: #e6e6e6;background: light-dark(rgba(0,0,0,0.1), rgba(255,255,255,0.25));color: #000000;color: light-dark(#000000, #ffffff);border-radius: 2px  Server   @ http://localhost:3000/_next/static/chunks/0tns_next_dist_0m7rhli._.js:2431
[   95025ms] [LOG] %c%s%c No new imports found, skipping writing import map background: #e6e6e6;background: light-dark(rgba(0,0,0,0.1), rgba(255,255,255,0.25));color: #000000;color: light-dark(#000000, #ffffff);border-radius: 2px  Server   @ http://localhost:3000/_next/static/chunks/0tns_next_dist_0m7rhli._.js:2431
[   95051ms] [LOG] [Fast Refresh] rebuilding @ http://localhost:3000/_next/static/chunks/0tns_next_dist_0m7rhli._.js:2431
[   95084ms] [LOG] [Fast Refresh] done in 134ms @ http://localhost:3000/_next/static/chunks/0tns_next_dist_0m7rhli._.js:2431
[  111036ms] [ERROR] WebSocket connection to 'ws://localhost:3000/_next/webpack-hmr?id=OEzZ18Y3pyt1RJu9B8jVC' failed: Error in connection establishment: net::ERR_CONNECTION_REFUSED @ http://localhost:3000/_next/static/chunks/0tns_next_dist_client_0q3k2v~._.js:13299
[  112039ms] [ERROR] WebSocket connection to 'ws://localhost:3000/_next/webpack-hmr?id=OEzZ18Y3pyt1RJu9B8jVC' failed: Error in connection establishment: net::ERR_CONNECTION_REFUSED @ http://localhost:3000/_next/static/chunks/0tns_next_dist_client_0q3k2v~._.js:13299
[  113041ms] [ERROR] WebSocket connection to 'ws://localhost:3000/_next/webpack-hmr?id=OEzZ18Y3pyt1RJu9B8jVC' failed: Error in connection establishment: net::ERR_CONNECTION_REFUSED @ http://localhost:3000/_next/static/chunks/0tns_next_dist_client_0q3k2v~._.js:13299
[  114905ms] [LOG] [HMR] connected @ http://localhost:3000/_next/static/chunks/0tns_next_dist_0m7rhli._.js:2431
[  126655ms] [INFO] %cDownload the React DevTools for a better development experience: https://react.dev/link/react-devtools font-weight:bold @ http://localhost:3000/_next/static/chunks/0tns_next_dist_0m7rhli._.js:2431
[  126686ms] [LOG] [HMR] connected @ http://localhost:3000/_next/static/chunks/0tns_next_dist_0m7rhli._.js:2431
[  126880ms] [LOG] [Fast Refresh] rebuilding @ http://localhost:3000/_next/static/chunks/0tns_next_dist_0m7rhli._.js:2431
[  127079ms] [LOG] [Fast Refresh] done in 301ms @ http://localhost:3000/_next/static/chunks/0tns_next_dist_0m7rhli._.js:2431
[  133823ms] [LOG] [Fast Refresh] rebuilding @ http://localhost:3000/_next/static/chunks/0tns_next_dist_0m7rhli._.js:2431
[  133869ms] [LOG] [Fast Refresh] done in 147ms @ http://localhost:3000/_next/static/chunks/0tns_next_dist_0m7rhli._.js:2431
[  242837ms] [LOG] [Fast Refresh] rebuilding @ http://localhost:3000/_next/static/chunks/0tns_next_dist_0m7rhli._.js:2431
[  244686ms] [ERROR] ./src/app/(payload)/layout.tsx:5:1
Module not found: Can't resolve '@payloadcms/next/dist/prod/styles.css'
  3 | import React from 'react'
  4 | import { importMap } from './admin/importMap'
> 5 | import '@payloadcms/next/dist/prod/styles.css'
    | ^^^^^^^^^^^^^^^^^^^^^^^^^^^^^^^^^^^^^^^^^^^^^^
  6 | import './custom.css'
  7 | import type { ServerFunctionClient } from 'payload'
  8 |

https://nextjs.org/docs/messages/module-not-found @ http://localhost:3000/_next/static/chunks/0tns_next_dist_0m7rhli._.js:3272
[  244810ms] [LOG] [Fast Refresh] rebuilding @ http://localhost:3000/_next/static/chunks/0tns_next_dist_0m7rhli._.js:2431
[  244916ms] [ERROR] ./src/app/(payload)/layout.tsx:5:1
Module not found: Can't resolve '@payloadcms/next/dist/prod/styles.css'
  3 | import React from 'react'
  4 | import { importMap } from './admin/importMap'
> 5 | import '@payloadcms/next/dist/prod/styles.css'
    | ^^^^^^^^^^^^^^^^^^^^^^^^^^^^^^^^^^^^^^^^^^^^^^
  6 | import './custom.css'
  7 | import type { ServerFunctionClient } from 'payload'
  8 |

https://nextjs.org/docs/messages/module-not-found @ http://localhost:3000/_next/static/chunks/0tns_next_dist_0m7rhli._.js:3272
[  245017ms] [LOG] [Fast Refresh] rebuilding @ http://localhost:3000/_next/static/chunks/0tns_next_dist_0m7rhli._.js:2431
[  245231ms] [ERROR] ./src/app/(payload)/layout.tsx:5:1
Module not found: Can't resolve '@payloadcms/next/dist/prod/styles.css'
  3 | import React from 'react'
  4 | import { importMap } from './admin/importMap'
> 5 | import '@payloadcms/next/dist/prod/styles.css'
    | ^^^^^^^^^^^^^^^^^^^^^^^^^^^^^^^^^^^^^^^^^^^^^^
  6 | import './custom.css'
  7 | import type { ServerFunctionClient } from 'payload'
  8 |

https://nextjs.org/docs/messages/module-not-found @ http://localhost:3000/_next/static/chunks/0tns_next_dist_0m7rhli._.js:3272
[  245237ms] [ERROR] Failed to load resource: the server responded with a status of 500 (Internal Server Error) @ http://localhost:3000/admin/login:0
[  245379ms] [INFO] %cDownload the React DevTools for a better development experience: https://react.dev/link/react-devtools font-weight:bold @ http://localhost:3000/_next/static/chunks/0p2h_react-dom_0vsf22y._.js:15305
[  245595ms] Error: ./src/app/(payload)/layout.tsx:5:1
Module not found: Can't resolve '@payloadcms/next/dist/prod/styles.css'
  3 | import React from 'react'
  4 | import { importMap } from './admin/importMap'
> 5 | import '@payloadcms/next/dist/prod/styles.css'
    | ^^^^^^^^^^^^^^^^^^^^^^^^^^^^^^^^^^^^^^^^^^^^^^
  6 | import './custom.css'
  7 | import type { ServerFunctionClient } from 'payload'
  8 |



https://nextjs.org/docs/messages/module-not-found


    at <unknown> (Error: ./src/app/(payload)/layout.tsx:5:1)
    at <unknown> (https://nextjs.org/docs/messages/module-not-found)
    at Object.getCompilationErrors (file:///Users/chrisharley/Desktop/mergekonflict.com/node_modules/.pnpm/next@16.2.4_@babel+core@7.29.0_babel-plugin-react-compiler@1.0.0_react-dom@19.2.4_react@19.2.4__react@19.2.4_sass@1.77.4/node_modules/next/dist/server/dev/hot-reloader-turbopack.js:1186:59)
    at DevBundlerService.getCompilationError (file:///Users/chrisharley/Desktop/mergekonflict.com/node_modules/.pnpm/next@16.2.4_@babel+core@7.29.0_babel-plugin-react-compiler@1.0.0_react-dom@19.2.4_react@19.2.4__react@19.2.4_sass@1.77.4/node_modules/next/dist/server/lib/dev-bundler-service.js:44:55)
    at DevServer.getCompilationError (file:///Users/chrisharley/Desktop/mergekonflict.com/node_modules/.pnpm/next@16.2.4_@babel+core@7.29.0_babel-plugin-react-compiler@1.0.0_react-dom@19.2.4_react@19.2.4__react@19.2.4_sass@1.77.4/node_modules/next/dist/server/dev/next-dev-server.js:719:42)
    at DevServer.findPageComponents (file:///Users/chrisharley/Desktop/mergekonflict.com/node_modules/.pnpm/next@16.2.4_@babel+core@7.29.0_babel-plugin-react-compiler@1.0.0_react-dom@19.2.4_react@19.2.4__react@19.2.4_sass@1.77.4/node_modules/next/dist/server/dev/next-dev-server.js:689:43)
    at async DevServer.renderErrorToResponseImpl (file:///Users/chrisharley/Desktop/mergekonflict.com/node_modules/.pnpm/next@16.2.4_@babel+core@7.29.0_babel-plugin-react-compiler@1.0.0_react-dom@19.2.4_react@19.2.4__react@19.2.4_sass@1.77.4/node_modules/next/dist/server/base-server.js:1745:26)
[  245622ms] [LOG] [HMR] connected @ http://localhost:3000/_next/static/chunks/0tns_next_dist_03zt~2i._.js:1226
[  245656ms] [ERROR] ./src/app/(payload)/layout.tsx:5:1
Module not found: Can't resolve '@payloadcms/next/dist/prod/styles.css'
  3 | import React from 'react'
  4 | import { importMap } from './admin/importMap'
> 5 | import '@payloadcms/next/dist/prod/styles.css'
    | ^^^^^^^^^^^^^^^^^^^^^^^^^^^^^^^^^^^^^^^^^^^^^^
  6 | import './custom.css'
  7 | import type { ServerFunctionClient } from 'payload'
  8 |

https://nextjs.org/docs/messages/module-not-found @ http://localhost:3000/_next/static/chunks/0tns_next_dist_03zt~2i._.js:1945
[  245789ms] [LOG] [Fast Refresh] rebuilding @ http://localhost:3000/_next/static/chunks/0tns_next_dist_03zt~2i._.js:1226
[  245945ms] [ERROR] ./src/app/(payload)/layout.tsx:5:1
Module not found: Can't resolve '@payloadcms/next/dist/prod/styles.css'
  3 | import React from 'react'
  4 | import { importMap } from './admin/importMap'
> 5 | import '@payloadcms/next/dist/prod/styles.css'
    | ^^^^^^^^^^^^^^^^^^^^^^^^^^^^^^^^^^^^^^^^^^^^^^
  6 | import './custom.css'
  7 | import type { ServerFunctionClient } from 'payload'
  8 |

https://nextjs.org/docs/messages/module-not-found @ http://localhost:3000/_next/static/chunks/0tns_next_dist_03zt~2i._.js:1945
[  263227ms] [LOG] [HMR] connected @ http://localhost:3000/_next/static/chunks/0tns_next_dist_03zt~2i._.js:1226
[  272362ms] [ERROR] Failed to load resource: the server responded with a status of 500 (Internal Server Error) @ http://localhost:3000/admin/login:0
[  272437ms] [INFO] %cDownload the React DevTools for a better development experience: https://react.dev/link/react-devtools font-weight:bold @ http://localhost:3000/_next/static/chunks/0p2h_react-dom_0vsf22y._.js:15305
[  272459ms] Error: ./src/app/(payload)/layout.tsx:5:1
Module not found: Can't resolve '@payloadcms/next/dist/prod/styles.css'
  3 | import React from 'react'
  4 | import { importMap } from './admin/importMap'
> 5 | import '@payloadcms/next/dist/prod/styles.css'
    | ^^^^^^^^^^^^^^^^^^^^^^^^^^^^^^^^^^^^^^^^^^^^^^
  6 | import './custom.css'
  7 | import type { ServerFunctionClient } from 'payload'
  8 |



https://nextjs.org/docs/messages/module-not-found


    at <unknown> (Error: ./src/app/(payload)/layout.tsx:5:1)
    at <unknown> (https://nextjs.org/docs/messages/module-not-found)
    at Object.getCompilationErrors (file:///Users/chrisharley/Desktop/mergekonflict.com/node_modules/.pnpm/next@16.2.4_@babel+core@7.29.0_babel-plugin-react-compiler@1.0.0_react-dom@19.2.4_react@19.2.4__react@19.2.4_sass@1.77.4/node_modules/next/dist/server/dev/hot-reloader-turbopack.js:1186:59)
    at DevBundlerService.getCompilationError (file:///Users/chrisharley/Desktop/mergekonflict.com/node_modules/.pnpm/next@16.2.4_@babel+core@7.29.0_babel-plugin-react-compiler@1.0.0_react-dom@19.2.4_react@19.2.4__react@19.2.4_sass@1.77.4/node_modules/next/dist/server/lib/dev-bundler-service.js:44:55)
    at DevServer.getCompilationError (file:///Users/chrisharley/Desktop/mergekonflict.com/node_modules/.pnpm/next@16.2.4_@babel+core@7.29.0_babel-plugin-react-compiler@1.0.0_react-dom@19.2.4_react@19.2.4__react@19.2.4_sass@1.77.4/node_modules/next/dist/server/dev/next-dev-server.js:719:42)
    at DevServer.findPageComponents (file:///Users/chrisharley/Desktop/mergekonflict.com/node_modules/.pnpm/next@16.2.4_@babel+core@7.29.0_babel-plugin-react-compiler@1.0.0_react-dom@19.2.4_react@19.2.4__react@19.2.4_sass@1.77.4/node_modules/next/dist/server/dev/next-dev-server.js:689:43)
    at async DevServer.renderErrorToResponseImpl (file:///Users/chrisharley/Desktop/mergekonflict.com/node_modules/.pnpm/next@16.2.4_@babel+core@7.29.0_babel-plugin-react-compiler@1.0.0_react-dom@19.2.4_react@19.2.4__react@19.2.4_sass@1.77.4/node_modules/next/dist/server/base-server.js:1745:26)
[  272487ms] [LOG] [HMR] connected @ http://localhost:3000/_next/static/chunks/0tns_next_dist_03zt~2i._.js:1226
[  272536ms] [ERROR] ./src/app/(payload)/layout.tsx:5:1
Module not found: Can't resolve '@payloadcms/next/dist/prod/styles.css'
  3 | import React from 'react'
  4 | import { importMap } from './admin/importMap'
> 5 | import '@payloadcms/next/dist/prod/styles.css'
    | ^^^^^^^^^^^^^^^^^^^^^^^^^^^^^^^^^^^^^^^^^^^^^^
  6 | import './custom.css'
  7 | import type { ServerFunctionClient } from 'payload'
  8 |

https://nextjs.org/docs/messages/module-not-found @ http://localhost:3000/_next/static/chunks/0tns_next_dist_03zt~2i._.js:1945
[  272572ms] [ERROR] ./src/app/(payload)/layout.tsx:5:1
Module not found: Can't resolve '@payloadcms/next/dist/prod/styles.css'
  3 | import React from 'react'
  4 | import { importMap } from './admin/importMap'
> 5 | import '@payloadcms/next/dist/prod/styles.css'
    | ^^^^^^^^^^^^^^^^^^^^^^^^^^^^^^^^^^^^^^^^^^^^^^
  6 | import './custom.css'
  7 | import type { ServerFunctionClient } from 'payload'
  8 |

https://nextjs.org/docs/messages/module-not-found @ http://localhost:3000/_next/static/chunks/0tns_next_dist_03zt~2i._.js:1945
[  272644ms] [ERROR] ./src/app/(payload)/layout.tsx:5:1
Module not found: Can't resolve '@payloadcms/next/dist/prod/styles.css'
  3 | import React from 'react'
  4 | import { importMap } from './admin/importMap'
> 5 | import '@payloadcms/next/dist/prod/styles.css'
    | ^^^^^^^^^^^^^^^^^^^^^^^^^^^^^^^^^^^^^^^^^^^^^^
  6 | import './custom.css'
  7 | import type { ServerFunctionClient } from 'payload'
  8 |

https://nextjs.org/docs/messages/module-not-found @ http://localhost:3000/_next/static/chunks/0tns_next_dist_03zt~2i._.js:1945
[  272675ms] [LOG] [Fast Refresh] rebuilding @ http://localhost:3000/_next/static/chunks/0tns_next_dist_03zt~2i._.js:1226
[  272982ms] [LOG] [Fast Refresh] rebuilding @ http://localhost:3000/_next/static/chunks/0tns_next_dist_03zt~2i._.js:1226
[  273003ms] [ERROR] ./src/app/(payload)/layout.tsx:5:1
Module not found: Can't resolve '@payloadcms/next/dist/prod/styles.css'
  3 | import React from 'react'
  4 | import { importMap } from './admin/importMap'
> 5 | import '@payloadcms/next/dist/prod/styles.css'
    | ^^^^^^^^^^^^^^^^^^^^^^^^^^^^^^^^^^^^^^^^^^^^^^
  6 | import './custom.css'
  7 | import type { ServerFunctionClient } from 'payload'
  8 |

https://nextjs.org/docs/messages/module-not-found @ http://localhost:3000/_next/static/chunks/0tns_next_dist_03zt~2i._.js:1945
[  284223ms] [ERROR] ./src/app/(payload)/layout.tsx:5:1
Module not found: Can't resolve '@payloadcms/next/dist/prod/styles.css'
  3 | import React from 'react'
  4 | import { importMap } from './admin/importMap'
> 5 | import '@payloadcms/next/dist/prod/styles.css'
    | ^^^^^^^^^^^^^^^^^^^^^^^^^^^^^^^^^^^^^^^^^^^^^^
  6 | import './custom.css'
  7 | import type { ServerFunctionClient } from 'payload'
  8 |

https://nextjs.org/docs/messages/module-not-found @ http://localhost:3000/_next/static/chunks/0tns_next_dist_03zt~2i._.js:1945
[  284255ms] [LOG] [Fast Refresh] rebuilding @ http://localhost:3000/_next/static/chunks/0tns_next_dist_03zt~2i._.js:1226
[  284621ms] [ERROR] ./src/app/(payload)/layout.tsx:5:1
Module not found: Can't resolve '@payloadcms/next/dist/prod/styles.css'
  3 | import React from 'react'
  4 | import { importMap } from './admin/importMap'
> 5 | import '@payloadcms/next/dist/prod/styles.css'
    | ^^^^^^^^^^^^^^^^^^^^^^^^^^^^^^^^^^^^^^^^^^^^^^
  6 | import './custom.css'
  7 | import type { ServerFunctionClient } from 'payload'
  8 |

https://nextjs.org/docs/messages/module-not-found @ http://localhost:3000/_next/static/chunks/0tns_next_dist_03zt~2i._.js:1945
[  284720ms] [LOG] [Fast Refresh] rebuilding @ http://localhost:3000/_next/static/chunks/0tns_next_dist_03zt~2i._.js:1226
[  313113ms] [LOG] [Fast Refresh] rebuilding @ http://localhost:3000/_next/static/chunks/0tns_next_dist_03zt~2i._.js:1226
[  313739ms] [LOG] [Fast Refresh] done in 698ms @ http://localhost:3000/_next/static/chunks/0tns_next_dist_03zt~2i._.js:1226
[  313840ms] [LOG] [Fast Refresh] rebuilding @ http://localhost:3000/_next/static/chunks/0tns_next_dist_03zt~2i._.js:1226
[  314584ms] [LOG] [Fast Refresh] done in 844ms @ http://localhost:3000/_next/static/chunks/0tns_next_dist_03zt~2i._.js:1226
[  326558ms] [INFO] %cDownload the React DevTools for a better development experience: https://react.dev/link/react-devtools font-weight:bold @ http://localhost:3000/_next/static/chunks/0tns_next_dist_0m7rhli._.js:2431
[  326591ms] [LOG] [HMR] connected @ http://localhost:3000/_next/static/chunks/0tns_next_dist_0m7rhli._.js:2431
[  326788ms] [LOG] [Fast Refresh] rebuilding @ http://localhost:3000/_next/static/chunks/0tns_next_dist_0m7rhli._.js:2431
[  329402ms] [LOG] [Fast Refresh] done in 2716ms @ http://localhost:3000/_next/static/chunks/0tns_next_dist_0m7rhli._.js:2431
[  421477ms] [LOG] [Fast Refresh] rebuilding @ http://localhost:3000/_next/static/chunks/0tns_next_dist_0m7rhli._.js:2431
[  422244ms] [LOG] [Fast Refresh] done in 100ms @ http://localhost:3000/_next/static/chunks/0tns_next_dist_0m7rhli._.js:2431
[  436486ms] [LOG] [HMR] connected @ http://localhost:3000/_next/static/chunks/0tns_next_dist_0m7rhli._.js:2431
[  444282ms] [ERROR] Failed to load resource: net::ERR_CONNECTION_REFUSED @ http://localhost:3000/_next/static/media/payload-favicon-light.0fn5njke0l_2y.png:0
[  444302ms] [ERROR] Failed to load resource: net::ERR_CONNECTION_REFUSED @ http://localhost:3000/_next/static/media/payload-favicon-dark.06d7ht77ra.cn.png:0
[  466666ms] [INFO] %cDownload the React DevTools for a better development experience: https://react.dev/link/react-devtools font-weight:bold @ http://localhost:3000/_next/static/chunks/0tns_next_dist_0m7rhli._.js:2431
[  466793ms] [LOG] [HMR] connected @ http://localhost:3000/_next/static/chunks/0tns_next_dist_0m7rhli._.js:2431
[  467148ms] [LOG] [Fast Refresh] rebuilding @ http://localhost:3000/_next/static/chunks/0tns_next_dist_0m7rhli._.js:2431
[  470175ms] [LOG] [Fast Refresh] done in 3129ms @ http://localhost:3000/_next/static/chunks/0tns_next_dist_0m7rhli._.js:2431
[  803095ms] [LOG] [Fast Refresh] rebuilding @ http://localhost:3000/_next/static/chunks/0tns_next_dist_0m7rhli._.js:2431
[  803864ms] [LOG] [Fast Refresh] done in 515ms @ http://localhost:3000/_next/static/chunks/0tns_next_dist_0m7rhli._.js:2431
[  804122ms] [LOG] %c%s%c Generating import map background: #e6e6e6;background: light-dark(rgba(0,0,0,0.1), rgba(255,255,255,0.25));color: #000000;color: light-dark(#000000, #ffffff);border-radius: 2px  Server   @ http://localhost:3000/_next/static/chunks/0tns_next_dist_0m7rhli._.js:2431
[  804266ms] [LOG] [Fast Refresh] rebuilding @ http://localhost:3000/_next/static/chunks/0tns_next_dist_0m7rhli._.js:2431
[  807605ms] [LOG] [Fast Refresh] done in 2852ms @ http://localhost:3000/_next/static/chunks/0tns_next_dist_0m7rhli._.js:2431
[  807729ms] [LOG] %c%s%c Writing import map to background: #e6e6e6;background: light-dark(rgba(0,0,0,0.1), rgba(255,255,255,0.25));color: #000000;color: light-dark(#000000, #ffffff);border-radius: 2px  Server   /Users/chrisharley/Desktop/mergekonflict.com/src/app/(payload)/admin/importMap.js @ http://localhost:3000/_next/static/chunks/0tns_next_dist_0m7rhli._.js:2431
[  812079ms] [INFO] %cDownload the React DevTools for a better development experience: https://react.dev/link/react-devtools font-weight:bold @ http://localhost:3000/_next/static/chunks/0tns_next_dist_0m7rhli._.js:2431
[  812111ms] [LOG] [HMR] connected @ http://localhost:3000/_next/static/chunks/0tns_next_dist_0m7rhli._.js:2431
[  812681ms] [LOG] [Fast Refresh] rebuilding @ http://localhost:3000/_next/static/chunks/0tns_next_dist_0m7rhli._.js:2431
[  812924ms] [LOG] [Fast Refresh] done in 345ms @ http://localhost:3000/_next/static/chunks/0tns_next_dist_0m7rhli._.js:2431
[ 1031350ms] [LOG] [Fast Refresh] rebuilding @ http://localhost:3000/_next/static/chunks/0tns_next_dist_0m7rhli._.js:2431
[ 1031351ms] [LOG] [Fast Refresh] done in 103ms @ http://localhost:3000/_next/static/chunks/0tns_next_dist_0m7rhli._.js:2431
[ 1042693ms] [LOG] [Fast Refresh] rebuilding @ http://localhost:3000/_next/static/chunks/0tns_next_dist_0m7rhli._.js:2431
[ 1042701ms] [LOG] [Fast Refresh] done in 110ms @ http://localhost:3000/_next/static/chunks/0tns_next_dist_0m7rhli._.js:2431
[ 1174243ms] [LOG] [Fast Refresh] rebuilding @ http://localhost:3000/_next/static/chunks/0tns_next_dist_0m7rhli._.js:2431
[ 1174903ms] [LOG] [Fast Refresh] done in 285ms @ http://localhost:3000/_next/static/chunks/0tns_next_dist_0m7rhli._.js:2431
[ 1175222ms] [LOG] %c%s%c Generating import map background: #e6e6e6;background: light-dark(rgba(0,0,0,0.1), rgba(255,255,255,0.25));color: #000000;color: light-dark(#000000, #ffffff);border-radius: 2px  Server   @ http://localhost:3000/_next/static/chunks/0tns_next_dist_0m7rhli._.js:2431
[ 1178213ms] [LOG] %c%s%c No new imports found, skipping writing import map background: #e6e6e6;background: light-dark(rgba(0,0,0,0.1), rgba(255,255,255,0.25));color: #000000;color: light-dark(#000000, #ffffff);border-radius: 2px  Server   @ http://localhost:3000/_next/static/chunks/0tns_next_dist_0m7rhli._.js:2431
[ 1404249ms] [LOG] [Fast Refresh] rebuilding @ http://localhost:3000/_next/static/chunks/0tns_next_dist_0m7rhli._.js:2431
[ 1404290ms] [LOG] [Fast Refresh] done in 142ms @ http://localhost:3000/_next/static/chunks/0tns_next_dist_0m7rhli._.js:2431
[ 1464422ms] [LOG] [Fast Refresh] rebuilding @ http://localhost:3000/_next/static/chunks/0tns_next_dist_0m7rhli._.js:2431
[ 1464969ms] [LOG] [Fast Refresh] done in 23ms @ http://localhost:3000/_next/static/chunks/0tns_next_dist_0m7rhli._.js:2431
[ 1465321ms] [LOG] %c%s%c Generating import map background: #e6e6e6;background: light-dark(rgba(0,0,0,0.1), rgba(255,255,255,0.25));color: #000000;color: light-dark(#000000, #ffffff);border-radius: 2px  Server   @ http://localhost:3000/_next/static/chunks/0tns_next_dist_0m7rhli._.js:2431
[ 1465441ms] [LOG] %c%s%c No new imports found, skipping writing import map background: #e6e6e6;background: light-dark(rgba(0,0,0,0.1), rgba(255,255,255,0.25));color: #000000;color: light-dark(#000000, #ffffff);border-radius: 2px  Server   @ http://localhost:3000/_next/static/chunks/0tns_next_dist_0m7rhli._.js:2431
[ 1543906ms] [LOG] [Fast Refresh] rebuilding @ http://localhost:3000/_next/static/chunks/0tns_next_dist_0m7rhli._.js:2431
[ 1544354ms] [LOG] [Fast Refresh] done in 159ms @ http://localhost:3000/_next/static/chunks/0tns_next_dist_0m7rhli._.js:2431
[ 1544871ms] [LOG] %c%s%c Generating import map background: #e6e6e6;background: light-dark(rgba(0,0,0,0.1), rgba(255,255,255,0.25));color: #000000;color: light-dark(#000000, #ffffff);border-radius: 2px  Server   @ http://localhost:3000/_next/static/chunks/0tns_next_dist_0m7rhli._.js:2431
[ 1544959ms] [LOG] %c%s%c No new imports found, skipping writing import map background: #e6e6e6;background: light-dark(rgba(0,0,0,0.1), rgba(255,255,255,0.25));color: #000000;color: light-dark(#000000, #ffffff);border-radius: 2px  Server   @ http://localhost:3000/_next/static/chunks/0tns_next_dist_0m7rhli._.js:2431
[ 2019694ms] [LOG] [Fast Refresh] rebuilding @ http://localhost:3000/_next/static/chunks/0tns_next_dist_0m7rhli._.js:2431
[ 2019747ms] [LOG] [Fast Refresh] done in 153ms @ http://localhost:3000/_next/static/chunks/0tns_next_dist_0m7rhli._.js:2431
[ 2030033ms] [LOG] [Fast Refresh] rebuilding @ http://localhost:3000/_next/static/chunks/0tns_next_dist_0m7rhli._.js:2431
[ 2030664ms] [LOG] [Fast Refresh] done in 732ms @ http://localhost:3000/_next/static/chunks/0tns_next_dist_0m7rhli._.js:2431
[ 2039480ms] [ERROR] WebSocket connection to 'ws://localhost:3000/_next/webpack-hmr?id=2_P-zfpkNtCKrMGk8-zxM' failed: Error in connection establishment: net::ERR_CONNECTION_REFUSED @ http://localhost:3000/_next/static/chunks/0tns_next_dist_client_0q3k2v~._.js:13299
[ 2040483ms] [ERROR] WebSocket connection to 'ws://localhost:3000/_next/webpack-hmr?id=2_P-zfpkNtCKrMGk8-zxM' failed: Error in connection establishment: net::ERR_CONNECTION_REFUSED @ http://localhost:3000/_next/static/chunks/0tns_next_dist_client_0q3k2v~._.js:13299
[ 2041485ms] [ERROR] WebSocket connection to 'ws://localhost:3000/_next/webpack-hmr?id=2_P-zfpkNtCKrMGk8-zxM' failed: Error in connection establishment: net::ERR_CONNECTION_REFUSED @ http://localhost:3000/_next/static/chunks/0tns_next_dist_client_0q3k2v~._.js:13299
[ 2042487ms] [ERROR] WebSocket connection to 'ws://localhost:3000/_next/webpack-hmr?id=2_P-zfpkNtCKrMGk8-zxM' failed: Error in connection establishment: net::ERR_CONNECTION_REFUSED @ http://localhost:3000/_next/static/chunks/0tns_next_dist_client_0q3k2v~._.js:13299
[ 2044334ms] [LOG] [HMR] connected @ http://localhost:3000/_next/static/chunks/0tns_next_dist_0m7rhli._.js:2431
[ 2055447ms] [INFO] %cDownload the React DevTools for a better development experience: https://react.dev/link/react-devtools font-weight:bold @ http://localhost:3000/_next/static/chunks/0tns_next_dist_0m7rhli._.js:2431
[ 2055488ms] [LOG] [HMR] connected @ http://localhost:3000/_next/static/chunks/0tns_next_dist_0m7rhli._.js:2431
[ 2055763ms] [LOG] [Fast Refresh] rebuilding @ http://localhost:3000/_next/static/chunks/0tns_next_dist_0m7rhli._.js:2431
[ 2056212ms] [LOG] [Fast Refresh] done in 555ms @ http://localhost:3000/_next/static/chunks/0tns_next_dist_0m7rhli._.js:2431
[ 2182175ms] [LOG] [Fast Refresh] rebuilding @ http://localhost:3000/_next/static/chunks/0tns_next_dist_0m7rhli._.js:2431
[ 2183374ms] [LOG] [Fast Refresh] done in 156ms @ http://localhost:3000/_next/static/chunks/0tns_next_dist_0m7rhli._.js:2431
[ 2288692ms] [LOG] [Fast Refresh] rebuilding @ http://localhost:3000/_next/static/chunks/0tns_next_dist_0m7rhli._.js:2431
[ 2289381ms] [LOG] [Fast Refresh] done in 791ms @ http://localhost:3000/_next/static/chunks/0tns_next_dist_0m7rhli._.js:2431
[ 2452867ms] [LOG] [Fast Refresh] rebuilding @ http://localhost:3000/_next/static/chunks/0tns_next_dist_0m7rhli._.js:2431
[ 2454086ms] [LOG] [Fast Refresh] done in 422ms @ http://localhost:3000/_next/static/chunks/0tns_next_dist_0m7rhli._.js:2431
[ 2464549ms] [LOG] [Fast Refresh] rebuilding @ http://localhost:3000/_next/static/chunks/0tns_next_dist_0m7rhli._.js:2431
[ 2465639ms] [LOG] [Fast Refresh] done in 122ms @ http://localhost:3000/_next/static/chunks/0tns_next_dist_0m7rhli._.js:2431
[ 2488422ms] [LOG] [Fast Refresh] rebuilding @ http://localhost:3000/_next/static/chunks/0tns_next_dist_0m7rhli._.js:2431
[ 2493944ms] [ERROR] ./src/app/admin/layout.tsx:4:1
Module not found: Can't resolve './admin/importMap'
  2 | import { RootLayout, handleServerFunctions } from '@payloadcms/next/layouts'
  3 | import React from 'react'
> 4 | import { importMap } from './admin/importMap'
    | ^^^^^^^^^^^^^^^^^^^^^^^^^^^^^^^^^^^^^^^^^^^^^
  5 | import '@payloadcms/next/css'
  6 | import './custom.css'
  7 | import type { ServerFunctionClient } from 'payload'

https://nextjs.org/docs/messages/module-not-found @ http://localhost:3000/_next/static/chunks/0tns_next_dist_0m7rhli._.js:3272
[ 2494089ms] [LOG] [Fast Refresh] rebuilding @ http://localhost:3000/_next/static/chunks/0tns_next_dist_0m7rhli._.js:2431
[ 2494564ms] [ERROR] ./src/app/admin/layout.tsx:4:1
Module not found: Can't resolve './admin/importMap'
  2 | import { RootLayout, handleServerFunctions } from '@payloadcms/next/layouts'
  3 | import React from 'react'
> 4 | import { importMap } from './admin/importMap'
    | ^^^^^^^^^^^^^^^^^^^^^^^^^^^^^^^^^^^^^^^^^^^^^
  5 | import '@payloadcms/next/css'
  6 | import './custom.css'
  7 | import type { ServerFunctionClient } from 'payload'

https://nextjs.org/docs/messages/module-not-found @ http://localhost:3000/_next/static/chunks/0tns_next_dist_0m7rhli._.js:3272
[ 2494572ms] [ERROR] Failed to load resource: the server responded with a status of 500 (Internal Server Error) @ http://localhost:3000/admin/login?_rsc=1uyq9:0
[ 2494645ms] [ERROR] ./src/app/admin/layout.tsx:4:1
Module not found: Can't resolve './admin/importMap'
  2 | import { RootLayout, handleServerFunctions } from '@payloadcms/next/layouts'
  3 | import React from 'react'
> 4 | import { importMap } from './admin/importMap'
    | ^^^^^^^^^^^^^^^^^^^^^^^^^^^^^^^^^^^^^^^^^^^^^
  5 | import '@payloadcms/next/css'
  6 | import './custom.css'
  7 | import type { ServerFunctionClient } from 'payload'

https://nextjs.org/docs/messages/module-not-found @ http://localhost:3000/_next/static/chunks/0tns_next_dist_0m7rhli._.js:3272
[ 2494646ms] [ERROR] Failed to load resource: the server responded with a status of 500 (Internal Server Error) @ http://localhost:3000/admin/login?_rsc=1uyq9:0
[ 2494673ms] [ERROR] Failed to load resource: the server responded with a status of 500 (Internal Server Error) @ http://localhost:3000/admin/login?_rsc=1uyq9:0
[ 2494695ms] [ERROR] Failed to load resource: the server responded with a status of 500 (Internal Server Error) @ http://localhost:3000/admin/login?_rsc=1uyq9:0
[ 2494717ms] [ERROR] Failed to load resource: the server responded with a status of 500 (Internal Server Error) @ http://localhost:3000/admin/login?_rsc=1uyq9:0
[ 2494756ms] [LOG] [Fast Refresh] rebuilding @ http://localhost:3000/_next/static/chunks/0tns_next_dist_0m7rhli._.js:2431
[ 2494757ms] [ERROR] Failed to load resource: the server responded with a status of 500 (Internal Server Error) @ http://localhost:3000/admin/login?_rsc=1uyq9:0
[ 2494763ms] [ERROR] ./src/app/admin/layout.tsx:4:1
Module not found: Can't resolve './admin/importMap'
  2 | import { RootLayout, handleServerFunctions } from '@payloadcms/next/layouts'
  3 | import React from 'react'
> 4 | import { importMap } from './admin/importMap'
    | ^^^^^^^^^^^^^^^^^^^^^^^^^^^^^^^^^^^^^^^^^^^^^
  5 | import '@payloadcms/next/css'
  6 | import './custom.css'
  7 | import type { ServerFunctionClient } from 'payload'

https://nextjs.org/docs/messages/module-not-found @ http://localhost:3000/_next/static/chunks/0tns_next_dist_0m7rhli._.js:3272
[ 2494814ms] [ERROR] Failed to load resource: the server responded with a status of 500 (Internal Server Error) @ http://localhost:3000/admin/login?_rsc=1uyq9:0
[ 2494823ms] [ERROR] Failed to load resource: the server responded with a status of 500 (Internal Server Error) @ http://localhost:3000/admin/login:0
[ 2494938ms] [INFO] %cDownload the React DevTools for a better development experience: https://react.dev/link/react-devtools font-weight:bold @ http://localhost:3000/_next/static/chunks/0p2h_react-dom_0vsf22y._.js:15305
[ 2495028ms] Error: ./src/app/admin/layout.tsx:4:1
Module not found: Can't resolve './admin/importMap'
  2 | import { RootLayout, handleServerFunctions } from '@payloadcms/next/layouts'
  3 | import React from 'react'
> 4 | import { importMap } from './admin/importMap'
    | ^^^^^^^^^^^^^^^^^^^^^^^^^^^^^^^^^^^^^^^^^^^^^
  5 | import '@payloadcms/next/css'
  6 | import './custom.css'
  7 | import type { ServerFunctionClient } from 'payload'



https://nextjs.org/docs/messages/module-not-found


    at <unknown> (Error: ./src/app/admin/layout.tsx:4:1)
    at <unknown> (https://nextjs.org/docs/messages/module-not-found)
    at Object.getCompilationErrors (file:///Users/chrisharley/Desktop/mergekonflict.com/node_modules/.pnpm/next@16.2.4_@babel+core@7.29.0_babel-plugin-react-compiler@1.0.0_react-dom@19.2.4_react@19.2.4__react@19.2.4_sass@1.77.4/node_modules/next/dist/server/dev/hot-reloader-turbopack.js:1186:59)
    at DevBundlerService.getCompilationError (file:///Users/chrisharley/Desktop/mergekonflict.com/node_modules/.pnpm/next@16.2.4_@babel+core@7.29.0_babel-plugin-react-compiler@1.0.0_react-dom@19.2.4_react@19.2.4__react@19.2.4_sass@1.77.4/node_modules/next/dist/server/lib/dev-bundler-service.js:44:55)
    at DevServer.getCompilationError (file:///Users/chrisharley/Desktop/mergekonflict.com/node_modules/.pnpm/next@16.2.4_@babel+core@7.29.0_babel-plugin-react-compiler@1.0.0_react-dom@19.2.4_react@19.2.4__react@19.2.4_sass@1.77.4/node_modules/next/dist/server/dev/next-dev-server.js:719:42)
    at DevServer.findPageComponents (file:///Users/chrisharley/Desktop/mergekonflict.com/node_modules/.pnpm/next@16.2.4_@babel+core@7.29.0_babel-plugin-react-compiler@1.0.0_react-dom@19.2.4_react@19.2.4__react@19.2.4_sass@1.77.4/node_modules/next/dist/server/dev/next-dev-server.js:689:43)
    at async DevServer.renderErrorToResponseImpl (file:///Users/chrisharley/Desktop/mergekonflict.com/node_modules/.pnpm/next@16.2.4_@babel+core@7.29.0_babel-plugin-react-compiler@1.0.0_react-dom@19.2.4_react@19.2.4__react@19.2.4_sass@1.77.4/node_modules/next/dist/server/base-server.js:1745:26)
[ 2495015ms] [LOG] [HMR] connected @ http://localhost:3000/_next/static/chunks/0tns_next_dist_03zt~2i._.js:1226
[ 2495018ms] [ERROR] ./src/app/admin/layout.tsx:4:1
Module not found: Can't resolve './admin/importMap'
  2 | import { RootLayout, handleServerFunctions } from '@payloadcms/next/layouts'
  3 | import React from 'react'
> 4 | import { importMap } from './admin/importMap'
    | ^^^^^^^^^^^^^^^^^^^^^^^^^^^^^^^^^^^^^^^^^^^^^
  5 | import '@payloadcms/next/css'
  6 | import './custom.css'
  7 | import type { ServerFunctionClient } from 'payload'

https://nextjs.org/docs/messages/module-not-found @ http://localhost:3000/_next/static/chunks/0tns_next_dist_03zt~2i._.js:1945
[ 2495147ms] [LOG] [Fast Refresh] rebuilding @ http://localhost:3000/_next/static/chunks/0tns_next_dist_03zt~2i._.js:1226
[ 2495173ms] [ERROR] ./src/app/admin/layout.tsx:4:1
Module not found: Can't resolve './admin/importMap'
  2 | import { RootLayout, handleServerFunctions } from '@payloadcms/next/layouts'
  3 | import React from 'react'
> 4 | import { importMap } from './admin/importMap'
    | ^^^^^^^^^^^^^^^^^^^^^^^^^^^^^^^^^^^^^^^^^^^^^
  5 | import '@payloadcms/next/css'
  6 | import './custom.css'
  7 | import type { ServerFunctionClient } from 'payload'

https://nextjs.org/docs/messages/module-not-found @ http://localhost:3000/_next/static/chunks/0tns_next_dist_03zt~2i._.js:1945
[ 2495583ms] [ERROR] ./src/app/admin/layout.tsx:4:1
Module not found: Can't resolve './admin/importMap'
  2 | import { RootLayout, handleServerFunctions } from '@payloadcms/next/layouts'
  3 | import React from 'react'
> 4 | import { importMap } from './admin/importMap'
    | ^^^^^^^^^^^^^^^^^^^^^^^^^^^^^^^^^^^^^^^^^^^^^
  5 | import '@payloadcms/next/css'
  6 | import './custom.css'
  7 | import type { ServerFunctionClient } from 'payload'

https://nextjs.org/docs/messages/module-not-found @ http://localhost:3000/_next/static/chunks/0tns_next_dist_03zt~2i._.js:1945
[ 2495639ms] [LOG] [Fast Refresh] rebuilding @ http://localhost:3000/_next/static/chunks/0tns_next_dist_03zt~2i._.js:1226
[ 2495961ms] [ERROR] ./src/app/admin/layout.tsx:4:1
Module not found: Can't resolve './admin/importMap'
  2 | import { RootLayout, handleServerFunctions } from '@payloadcms/next/layouts'
  3 | import React from 'react'
> 4 | import { importMap } from './admin/importMap'
    | ^^^^^^^^^^^^^^^^^^^^^^^^^^^^^^^^^^^^^^^^^^^^^
  5 | import '@payloadcms/next/css'
  6 | import './custom.css'
  7 | import type { ServerFunctionClient } from 'payload'

https://nextjs.org/docs/messages/module-not-found @ http://localhost:3000/_next/static/chunks/0tns_next_dist_03zt~2i._.js:1945
[ 2496027ms] [LOG] [Fast Refresh] rebuilding @ http://localhost:3000/_next/static/chunks/0tns_next_dist_03zt~2i._.js:1226
[ 2547271ms] [LOG] [Fast Refresh] rebuilding @ http://localhost:3000/_next/static/chunks/0tns_next_dist_03zt~2i._.js:1226
[ 2547571ms] [LOG] [Fast Refresh] done in 370ms @ http://localhost:3000/_next/static/chunks/0tns_next_dist_03zt~2i._.js:1226
[ 2547701ms] [LOG] [Fast Refresh] rebuilding @ http://localhost:3000/_next/static/chunks/0tns_next_dist_03zt~2i._.js:1226
[ 2548881ms] [LOG] [Fast Refresh] done in 1282ms @ http://localhost:3000/_next/static/chunks/0tns_next_dist_03zt~2i._.js:1226
[ 2550311ms] [INFO] %cDownload the React DevTools for a better development experience: https://react.dev/link/react-devtools font-weight:bold @ http://localhost:3000/_next/static/chunks/0tns_next_dist_0m7rhli._.js:2431
[ 2550594ms] [LOG] [HMR] connected @ http://localhost:3000/_next/static/chunks/0tns_next_dist_0m7rhli._.js:2431
[ 2550638ms] [LOG] %c%s%c Generating import map background: #e6e6e6;background: light-dark(rgba(0,0,0,0.1), rgba(255,255,255,0.25));color: #000000;color: light-dark(#000000, #ffffff);border-radius: 2px  Server   @ http://localhost:3000/_next/static/chunks/0tns_next_dist_0m7rhli._.js:2431
[ 2550913ms] [LOG] [Fast Refresh] rebuilding @ http://localhost:3000/_next/static/chunks/0tns_next_dist_0m7rhli._.js:2431
[ 2552954ms] [LOG] [Fast Refresh] done in 2200ms @ http://localhost:3000/_next/static/chunks/0tns_next_dist_0m7rhli._.js:2431
[ 2553058ms] [LOG] [Fast Refresh] rebuilding @ http://localhost:3000/_next/static/chunks/0tns_next_dist_0m7rhli._.js:2431
[ 2553244ms] [LOG] [Fast Refresh] done in 287ms @ http://localhost:3000/_next/static/chunks/0tns_next_dist_0m7rhli._.js:2431
[ 2553272ms] [ERROR] Failed to load resource: the server responded with a status of 404 (Not Found) @ http://localhost:3000/api/users/me:0
[ 2598475ms] [LOG] [Fast Refresh] rebuilding @ http://localhost:3000/_next/static/chunks/0tns_next_dist_0m7rhli._.js:2431
[ 2603777ms] [LOG] [Fast Refresh] done in 232ms @ http://localhost:3000/_next/static/chunks/0tns_next_dist_0m7rhli._.js:2431
[ 2604658ms] [LOG] [Fast Refresh] rebuilding @ http://localhost:3000/_next/static/chunks/0tns_next_dist_0m7rhli._.js:2431
[ 2604671ms] [LOG] [Fast Refresh] done in 114ms @ http://localhost:3000/_next/static/chunks/0tns_next_dist_0m7rhli._.js:2431
[ 2605216ms] [LOG] [Fast Refresh] rebuilding @ http://localhost:3000/_next/static/chunks/0tns_next_dist_0m7rhli._.js:2431
[ 2605804ms] [LOG] [Fast Refresh] done in 690ms @ http://localhost:3000/_next/static/chunks/0tns_next_dist_0m7rhli._.js:2431
[ 2606058ms] [INFO] %cDownload the React DevTools for a better development experience: https://react.dev/link/react-devtools font-weight:bold @ http://localhost:3000/_next/static/chunks/0tns_next_dist_0m7rhli._.js:2431
[ 2606097ms] [LOG] [HMR] connected @ http://localhost:3000/_next/static/chunks/0tns_next_dist_0m7rhli._.js:2431
[ 2606490ms] [LOG] [Fast Refresh] rebuilding @ http://localhost:3000/_next/static/chunks/0tns_next_dist_0m7rhli._.js:2431
[ 2606512ms] [ERROR] Failed to load resource: the server responded with a status of 404 (Not Found) @ http://localhost:3000/api/users/me:0
[ 2607171ms] [LOG] [Fast Refresh] done in 782ms @ http://localhost:3000/_next/static/chunks/0tns_next_dist_0m7rhli._.js:2431
[ 2617584ms] [LOG] [Fast Refresh] rebuilding @ http://localhost:3000/_next/static/chunks/0tns_next_dist_0m7rhli._.js:2431
[ 2621202ms] [ERROR] ./src/app/(payload)/layout.tsx:4:1
Module not found: Can't resolve './importMap'
  2 | import { RootLayout, handleServerFunctions } from '@payloadcms/next/layouts'
  3 | import React from 'react'
> 4 | import { importMap } from './importMap'
    | ^^^^^^^^^^^^^^^^^^^^^^^^^^^^^^^^^^^^^^^
  5 | import '@payloadcms/next/css'
  6 | import './custom.css'
  7 | import type { ServerFunctionClient } from 'payload'

https://nextjs.org/docs/messages/module-not-found @ http://localhost:3000/_next/static/chunks/0tns_next_dist_0m7rhli._.js:3272
[ 2626164ms] [LOG] [Fast Refresh] rebuilding @ http://localhost:3000/_next/static/chunks/0tns_next_dist_0m7rhli._.js:2431
[ 2626507ms] [LOG] [Fast Refresh] done in 422ms @ http://localhost:3000/_next/static/chunks/0tns_next_dist_0m7rhli._.js:2431
[ 2626628ms] [LOG] [Fast Refresh] rebuilding @ http://localhost:3000/_next/static/chunks/0tns_next_dist_0m7rhli._.js:2431
[ 2627600ms] [LOG] [Fast Refresh] done in 1072ms @ http://localhost:3000/_next/static/chunks/0tns_next_dist_0m7rhli._.js:2431
[ 2630705ms] [LOG] %c%s%c Generating import map background: #e6e6e6;background: light-dark(rgba(0,0,0,0.1), rgba(255,255,255,0.25));color: #000000;color: light-dark(#000000, #ffffff);border-radius: 2px  Server   @ http://localhost:3000/_next/static/chunks/0tns_next_dist_0m7rhli._.js:2431
[ 2630707ms] [LOG] %c%s%c No new imports found, skipping writing import map background: #e6e6e6;background: light-dark(rgba(0,0,0,0.1), rgba(255,255,255,0.25));color: #000000;color: light-dark(#000000, #ffffff);border-radius: 2px  Server   @ http://localhost:3000/_next/static/chunks/0tns_next_dist_0m7rhli._.js:2431
[ 2630858ms] [LOG] [Fast Refresh] rebuilding @ http://localhost:3000/_next/static/chunks/0tns_next_dist_0m7rhli._.js:2431
[ 2630973ms] [LOG] [Fast Refresh] done in 215ms @ http://localhost:3000/_next/static/chunks/0tns_next_dist_0m7rhli._.js:2431
[ 2631148ms] [INFO] %cDownload the React DevTools for a better development experience: https://react.dev/link/react-devtools font-weight:bold @ http://localhost:3000/_next/static/chunks/0tns_next_dist_0m7rhli._.js:2431
[ 2631188ms] [LOG] [HMR] connected @ http://localhost:3000/_next/static/chunks/0tns_next_dist_0m7rhli._.js:2431
[ 2631855ms] [LOG] [Fast Refresh] rebuilding @ http://localhost:3000/_next/static/chunks/0tns_next_dist_0m7rhli._.js:2431
[ 2631872ms] [LOG] [Fast Refresh] done in 119ms @ http://localhost:3000/_next/static/chunks/0tns_next_dist_0m7rhli._.js:2431
[ 2631901ms] [ERROR] Failed to load resource: the server responded with a status of 404 (Not Found) @ http://localhost:3000/api/users/me:0
[ 2632102ms] [LOG] [Fast Refresh] rebuilding @ http://localhost:3000/_next/static/chunks/0tns_next_dist_0m7rhli._.js:2431
[ 2632104ms] [LOG] [Fast Refresh] done in 202ms @ http://localhost:3000/_next/static/chunks/0tns_next_dist_0m7rhli._.js:2431
[ 2683527ms] [LOG] [Fast Refresh] rebuilding @ http://localhost:3000/_next/static/chunks/0tns_next_dist_0m7rhli._.js:2431
[ 2683566ms] [LOG] [Fast Refresh] done in 140ms @ http://localhost:3000/_next/static/chunks/0tns_next_dist_0m7rhli._.js:2431
[ 2692649ms] [LOG] [Fast Refresh] rebuilding @ http://localhost:3000/_next/static/chunks/0tns_next_dist_0m7rhli._.js:2431
[ 2693775ms] [LOG] [Fast Refresh] done in 99ms @ http://localhost:3000/_next/static/chunks/0tns_next_dist_0m7rhli._.js:2431
[ 2694527ms] [LOG] [Fast Refresh] rebuilding @ http://localhost:3000/_next/static/chunks/0tns_next_dist_0m7rhli._.js:2431
[ 2694671ms] [LOG] [Fast Refresh] done in 244ms @ http://localhost:3000/_next/static/chunks/0tns_next_dist_0m7rhli._.js:2431
[ 2695557ms] [LOG] [Fast Refresh] rebuilding @ http://localhost:3000/_next/static/chunks/0tns_next_dist_0m7rhli._.js:2431
[ 2695571ms] [LOG] [Fast Refresh] done in 115ms @ http://localhost:3000/_next/static/chunks/0tns_next_dist_0m7rhli._.js:2431
[ 2755715ms] [LOG] [Fast Refresh] rebuilding @ http://localhost:3000/_next/static/chunks/0tns_next_dist_0m7rhli._.js:2431
[ 2756296ms] [LOG] [Fast Refresh] done in 683ms @ http://localhost:3000/_next/static/chunks/0tns_next_dist_0m7rhli._.js:2431
[ 2762722ms] [LOG] [Fast Refresh] rebuilding @ http://localhost:3000/_next/static/chunks/0tns_next_dist_0m7rhli._.js:2431
[ 2762724ms] [LOG] [Fast Refresh] done in 103ms @ http://localhost:3000/_next/static/chunks/0tns_next_dist_0m7rhli._.js:2431
[ 2774853ms] [LOG] [Fast Refresh] rebuilding @ http://localhost:3000/_next/static/chunks/0tns_next_dist_0m7rhli._.js:2431
[ 2774943ms] [LOG] [Fast Refresh] done in 191ms @ http://localhost:3000/_next/static/chunks/0tns_next_dist_0m7rhli._.js:2431
[ 2965416ms] [LOG] [Fast Refresh] rebuilding @ http://localhost:3000/_next/static/chunks/0tns_next_dist_0m7rhli._.js:2431
[ 2965433ms] [LOG] [Fast Refresh] done in 120ms @ http://localhost:3000/_next/static/chunks/0tns_next_dist_0m7rhli._.js:2431
[ 3083416ms] [LOG] [Fast Refresh] rebuilding @ http://localhost:3000/_next/static/chunks/0tns_next_dist_0m7rhli._.js:2431
[ 3083651ms] [LOG] [Fast Refresh] done in 335ms @ http://localhost:3000/_next/static/chunks/0tns_next_dist_0m7rhli._.js:2431
[ 3119591ms] [LOG] [Fast Refresh] rebuilding @ http://localhost:3000/_next/static/chunks/0tns_next_dist_0m7rhli._.js:2431
[ 3119743ms] [LOG] [Fast Refresh] done in 253ms @ http://localhost:3000/_next/static/chunks/0tns_next_dist_0m7rhli._.js:2431
[ 3139265ms] [LOG] [Fast Refresh] rebuilding @ http://localhost:3000/_next/static/chunks/0tns_next_dist_0m7rhli._.js:2431
[ 3139971ms] [LOG] [Fast Refresh] done in 59ms @ http://localhost:3000/_next/static/chunks/0tns_next_dist_0m7rhli._.js:2431
[ 3140234ms] [LOG] %c%s%c Generating import map background: #e6e6e6;background: light-dark(rgba(0,0,0,0.1), rgba(255,255,255,0.25));color: #000000;color: light-dark(#000000, #ffffff);border-radius: 2px  Server   @ http://localhost:3000/_next/static/chunks/0tns_next_dist_0m7rhli._.js:2431
[ 3140373ms] [LOG] %c%s%c No new imports found, skipping writing import map background: #e6e6e6;background: light-dark(rgba(0,0,0,0.1), rgba(255,255,255,0.25));color: #000000;color: light-dark(#000000, #ffffff);border-radius: 2px  Server   @ http://localhost:3000/_next/static/chunks/0tns_next_dist_0m7rhli._.js:2431
[ 3202650ms] [LOG] [Fast Refresh] rebuilding @ http://localhost:3000/_next/static/chunks/0tns_next_dist_0m7rhli._.js:2431
[ 3203060ms] [LOG] [Fast Refresh] done in 511ms @ http://localhost:3000/_next/static/chunks/0tns_next_dist_0m7rhli._.js:2431
