[     295ms] [INFO] %cDownload the React DevTools for a better development experience: https://react.dev/link/react-devtools font-weight:bold @ http://localhost:3000/_next/static/chunks/0tns_next_dist_0m7rhli._.js:2431
[     327ms] [LOG] [HMR] connected @ http://localhost:3000/_next/static/chunks/0tns_next_dist_0m7rhli._.js:2431
[   43597ms] [ERROR] WebSocket connection to 'ws://localhost:3000/_next/webpack-hmr?id=k3D0hbjCtk_XBDnOUfv01' failed: Error in connection establishment: net::ERR_CONNECTION_REFUSED @ http://localhost:3000/_next/static/chunks/0tns_next_dist_client_0q3k2v~._.js:13299
[   44600ms] [ERROR] WebSocket connection to 'ws://localhost:3000/_next/webpack-hmr?id=k3D0hbjCtk_XBDnOUfv01' failed: Error in connection establishment: net::ERR_CONNECTION_REFUSED @ http://localhost:3000/_next/static/chunks/0tns_next_dist_client_0q3k2v~._.js:13299
[   45604ms] [ERROR] WebSocket connection to 'ws://localhost:3000/_next/webpack-hmr?id=k3D0hbjCtk_XBDnOUfv01' failed: Error in connection establishment: net::ERR_CONNECTION_REFUSED @ http://localhost:3000/_next/static/chunks/0tns_next_dist_client_0q3k2v~._.js:13299
[   46607ms] [ERROR] WebSocket connection to 'ws://localhost:3000/_next/webpack-hmr?id=k3D0hbjCtk_XBDnOUfv01' failed: Error in connection establishment: net::ERR_CONNECTION_REFUSED @ http://localhost:3000/_next/static/chunks/0tns_next_dist_client_0q3k2v~._.js:13299
[   47610ms] [ERROR] WebSocket connection to 'ws://localhost:3000/_next/webpack-hmr?id=k3D0hbjCtk_XBDnOUfv01' failed: Error in connection establishment: net::ERR_CONNECTION_REFUSED @ http://localhost:3000/_next/static/chunks/0tns_next_dist_client_0q3k2v~._.js:13299
[   52614ms] [LOG] [HMR] connected @ http://localhost:3000/_next/static/chunks/0tns_next_dist_0m7rhli._.js:2431
[   60549ms] [INFO] %cDownload the React DevTools for a better development experience: https://react.dev/link/react-devtools font-weight:bold @ http://localhost:3000/_next/static/chunks/0tns_next_dist_0m7rhli._.js:2431
[   60583ms] [LOG] [HMR] connected @ http://localhost:3000/_next/static/chunks/0tns_next_dist_0m7rhli._.js:2431
[   60783ms] [LOG] [Fast Refresh] rebuilding @ http://localhost:3000/_next/static/chunks/0tns_next_dist_0m7rhli._.js:2431
[   61071ms] [LOG] [Fast Refresh] done in 388ms @ http://localhost:3000/_next/static/chunks/0tns_next_dist_0m7rhli._.js:2431
[  120705ms] [LOG] [Fast Refresh] rebuilding @ http://localhost:3000/_next/static/chunks/0tns_next_dist_0m7rhli._.js:2431
[  121451ms] [LOG] [Fast Refresh] done in 115ms @ http://localhost:3000/_next/static/chunks/0tns_next_dist_0m7rhli._.js:2431
[  121588ms] [LOG] [Fast Refresh] rebuilding @ http://localhost:3000/_next/static/chunks/0tns_next_dist_0m7rhli._.js:2431
[  121716ms] [ERROR] Failed to load resource: the server responded with a status of 404 (Not Found) @ http://localhost:3000/admin/login?redirect=%2Fadmin%2F&_rsc=1kizx:0
[  121720ms] [LOG] [Fast Refresh] done in 234ms @ http://localhost:3000/_next/static/chunks/0tns_next_dist_0m7rhli._.js:2431
[  121872ms] [ERROR] Failed to load resource: the server responded with a status of 404 (Not Found) @ http://localhost:3000/admin/login?redirect=%2Fadmin%2F&_rsc=1kizx:0
[  122107ms] [ERROR] Failed to load resource: the server responded with a status of 404 (Not Found) @ http://localhost:3000/admin/login?redirect=%2Fadmin%2F&_rsc=1kizx:0
[  122109ms] [LOG] [Fast Refresh] rebuilding @ http://localhost:3000/_next/static/chunks/0tns_next_dist_0m7rhli._.js:2431
[  122111ms] [LOG] [Fast Refresh] done in 103ms @ http://localhost:3000/_next/static/chunks/0tns_next_dist_0m7rhli._.js:2431
[  122134ms] [ERROR] Failed to load resource: the server responded with a status of 404 (Not Found) @ http://localhost:3000/admin/login?redirect=%2Fadmin%2F:0
[  122235ms] [INFO] %cDownload the React DevTools for a better development experience: https://react.dev/link/react-devtools font-weight:bold @ http://localhost:3000/_next/static/chunks/0tns_next_dist_0m7rhli._.js:2431
[  122254ms] [LOG] [HMR] connected @ http://localhost:3000/_next/static/chunks/0tns_next_dist_0m7rhli._.js:2431
[  128919ms] [LOG] [Fast Refresh] rebuilding @ http://localhost:3000/_next/static/chunks/0tns_next_dist_0m7rhli._.js:2431
[  129004ms] [ERROR] Failed to load resource: the server responded with a status of 404 (Not Found) @ http://localhost:3000/admin/login?redirect=%2Fadmin%2F&_rsc=fde41:0
[  129009ms] [LOG] [Fast Refresh] done in 12ms @ http://localhost:3000/_next/static/chunks/0tns_next_dist_0m7rhli._.js:2431
[  129211ms] [ERROR] Failed to load resource: the server responded with a status of 404 (Not Found) @ http://localhost:3000/admin/login?redirect=%2Fadmin%2F:0
[  129256ms] [INFO] %cDownload the React DevTools for a better development experience: https://react.dev/link/react-devtools font-weight:bold @ http://localhost:3000/_next/static/chunks/0tns_next_dist_0m7rhli._.js:2431
[  129275ms] [LOG] [HMR] connected @ http://localhost:3000/_next/static/chunks/0tns_next_dist_0m7rhli._.js:2431
[  211792ms] [ERROR] WebSocket connection to 'ws://localhost:3000/_next/webpack-hmr?id=ZS4VCQbPTOZCq4B-FmZA0' failed: Error in connection establishment: net::ERR_CONNECTION_REFUSED @ http://localhost:3000/_next/static/chunks/0tns_next_dist_client_0q3k2v~._.js:13299
[  212795ms] [ERROR] WebSocket connection to 'ws://localhost:3000/_next/webpack-hmr?id=ZS4VCQbPTOZCq4B-FmZA0' failed: Error in connection establishment: net::ERR_CONNECTION_REFUSED @ http://localhost:3000/_next/static/chunks/0tns_next_dist_client_0q3k2v~._.js:13299
[  213798ms] [ERROR] WebSocket connection to 'ws://localhost:3000/_next/webpack-hmr?id=ZS4VCQbPTOZCq4B-FmZA0' failed: Error in connection establishment: net::ERR_CONNECTION_REFUSED @ http://localhost:3000/_next/static/chunks/0tns_next_dist_client_0q3k2v~._.js:13299
[  214800ms] [ERROR] WebSocket connection to 'ws://localhost:3000/_next/webpack-hmr?id=ZS4VCQbPTOZCq4B-FmZA0' failed: Error in connection establishment: net::ERR_CONNECTION_REFUSED @ http://localhost:3000/_next/static/chunks/0tns_next_dist_client_0q3k2v~._.js:13299
[  216243ms] [LOG] [HMR] connected @ http://localhost:3000/_next/static/chunks/0tns_next_dist_0m7rhli._.js:2431
[  227208ms] [INFO] %cDownload the React DevTools for a better development experience: https://react.dev/link/react-devtools font-weight:bold @ http://localhost:3000/_next/static/chunks/0tns_next_dist_0m7rhli._.js:2431
[  227265ms] [LOG] [HMR] connected @ http://localhost:3000/_next/static/chunks/0tns_next_dist_0m7rhli._.js:2431
[  227488ms] [LOG] [Fast Refresh] rebuilding @ http://localhost:3000/_next/static/chunks/0tns_next_dist_0m7rhli._.js:2431
[  227978ms] [LOG] [Fast Refresh] done in 598ms @ http://localhost:3000/_next/static/chunks/0tns_next_dist_0m7rhli._.js:2431
[  231508ms] [LOG] [Fast Refresh] rebuilding @ http://localhost:3000/_next/static/chunks/0tns_next_dist_0m7rhli._.js:2431
[  231859ms] [ERROR] Failed to load resource: the server responded with a status of 500 (Internal Server Error) @ http://localhost:3000/api/users/me:0
[  231886ms] [LOG] [Fast Refresh] done in 478ms @ http://localhost:3000/_next/static/chunks/0tns_next_dist_0m7rhli._.js:2431
[  233093ms] [LOG] [Fast Refresh] rebuilding @ http://localhost:3000/_next/static/chunks/0tns_next_dist_0m7rhli._.js:2431
[  233094ms] [LOG] [Fast Refresh] done in 102ms @ http://localhost:3000/_next/static/chunks/0tns_next_dist_0m7rhli._.js:2431
[  571886ms] [LOG] [HMR] connected @ http://localhost:3000/_next/static/chunks/0tns_next_dist_0m7rhli._.js:2431
[  834779ms] [LOG] [Fast Refresh] rebuilding @ http://localhost:3000/_next/static/chunks/0tns_next_dist_0m7rhli._.js:2431
[  834848ms] [LOG] [Fast Refresh] done in 169ms @ http://localhost:3000/_next/static/chunks/0tns_next_dist_0m7rhli._.js:2431
[  854674ms] [LOG] [Fast Refresh] rebuilding @ http://localhost:3000/_next/static/chunks/0tns_next_dist_0m7rhli._.js:2431
[  854703ms] [LOG] [Fast Refresh] done in 131ms @ http://localhost:3000/_next/static/chunks/0tns_next_dist_0m7rhli._.js:2431
[  858755ms] [LOG] [Fast Refresh] rebuilding @ http://localhost:3000/_next/static/chunks/0tns_next_dist_0m7rhli._.js:2431
[  858777ms] [LOG] [Fast Refresh] done in 124ms @ http://localhost:3000/_next/static/chunks/0tns_next_dist_0m7rhli._.js:2431
[  886485ms] [ERROR] WebSocket connection to 'ws://localhost:3000/_next/webpack-hmr?id=-toIQjtRW92k3OuSHZ-QX' failed: Error in connection establishment: net::ERR_CONNECTION_REFUSED @ http://localhost:3000/_next/static/chunks/0tns_next_dist_client_0q3k2v~._.js:13299
[  887487ms] [ERROR] WebSocket connection to 'ws://localhost:3000/_next/webpack-hmr?id=-toIQjtRW92k3OuSHZ-QX' failed: Error in connection establishment: net::ERR_CONNECTION_REFUSED @ http://localhost:3000/_next/static/chunks/0tns_next_dist_client_0q3k2v~._.js:13299
[  888489ms] [ERROR] WebSocket connection to 'ws://localhost:3000/_next/webpack-hmr?id=-toIQjtRW92k3OuSHZ-QX' failed: Error in connection establishment: net::ERR_CONNECTION_REFUSED @ http://localhost:3000/_next/static/chunks/0tns_next_dist_client_0q3k2v~._.js:13299
[  890141ms] [LOG] [HMR] connected @ http://localhost:3000/_next/static/chunks/0tns_next_dist_0m7rhli._.js:2431
[  901445ms] [INFO] %cDownload the React DevTools for a better development experience: https://react.dev/link/react-devtools font-weight:bold @ http://localhost:3000/_next/static/chunks/0tns_next_dist_0m7rhli._.js:2431
[  901493ms] [LOG] [HMR] connected @ http://localhost:3000/_next/static/chunks/0tns_next_dist_0m7rhli._.js:2431
[  901732ms] [LOG] [Fast Refresh] rebuilding @ http://localhost:3000/_next/static/chunks/0tns_next_dist_0m7rhli._.js:2431
[  901987ms] [LOG] [Fast Refresh] done in 361ms @ http://localhost:3000/_next/static/chunks/0tns_next_dist_0m7rhli._.js:2431
[  902161ms] [LOG] [Fast Refresh] rebuilding @ http://localhost:3000/_next/static/chunks/0tns_next_dist_0m7rhli._.js:2431
[  902567ms] [LOG] [Fast Refresh] done in 508ms @ http://localhost:3000/_next/static/chunks/0tns_next_dist_0m7rhli._.js:2431
[  906140ms] [ERROR] Failed to load resource: the server responded with a status of 500 (Internal Server Error) @ http://localhost:3000/api/users/me:0
[ 1037370ms] [LOG] [Fast Refresh] rebuilding @ http://localhost:3000/_next/static/chunks/0tns_next_dist_0m7rhli._.js:2431
[ 1038084ms] [LOG] [Fast Refresh] done in 81ms @ http://localhost:3000/_next/static/chunks/0tns_next_dist_0m7rhli._.js:2431
[ 1080827ms] [LOG] [Fast Refresh] rebuilding @ http://localhost:3000/_next/static/chunks/0tns_next_dist_0m7rhli._.js:2431
[ 1080870ms] [LOG] [Fast Refresh] done in 143ms @ http://localhost:3000/_next/static/chunks/0tns_next_dist_0m7rhli._.js:2431
[ 1081081ms] [LOG] [Fast Refresh] rebuilding @ http://localhost:3000/_next/static/chunks/0tns_next_dist_0m7rhli._.js:2431
[ 1081675ms] [LOG] [Fast Refresh] done in 694ms @ http://localhost:3000/_next/static/chunks/0tns_next_dist_0m7rhli._.js:2431
[ 1081799ms] [LOG] [Fast Refresh] rebuilding @ http://localhost:3000/_next/static/chunks/0tns_next_dist_0m7rhli._.js:2431
[ 1081896ms] [LOG] [Fast Refresh] done in 198ms @ http://localhost:3000/_next/static/chunks/0tns_next_dist_0m7rhli._.js:2431
[ 1297659ms] [LOG] [Fast Refresh] rebuilding @ http://localhost:3000/_next/static/chunks/0tns_next_dist_0m7rhli._.js:2431
[ 1299646ms] [LOG] [Fast Refresh] done in 1280ms @ http://localhost:3000/_next/static/chunks/0tns_next_dist_0m7rhli._.js:2431
[ 1329578ms] [LOG] [Fast Refresh] rebuilding @ http://localhost:3000/_next/static/chunks/0tns_next_dist_0m7rhli._.js:2431
[ 1330065ms] [LOG] [Fast Refresh] done in 587ms @ http://localhost:3000/_next/static/chunks/0tns_next_dist_0m7rhli._.js:2431
[ 1386807ms] [LOG] [Fast Refresh] rebuilding @ http://localhost:3000/_next/static/chunks/0tns_next_dist_0m7rhli._.js:2431
[ 1386968ms] [LOG] [Fast Refresh] done in 262ms @ http://localhost:3000/_next/static/chunks/0tns_next_dist_0m7rhli._.js:2431
